<?xml version="1.0" encoding="UTF-8"?>
<!-- Generated by org.testng.reporters.JUnitReportReporter -->
<testsuite skipped="0" hostname="ojt18-PC" name="DriverFactory.AppTest" tests="1" failures="0" timestamp="22 Oct 2019 05:43:28 GMT" time="35.349" errors="0">
  <testcase name="ERP_Start" time="35.349" classname="DriverFactory.AppTest"/>
</testsuite> <!-- DriverFactory.AppTest -->
